<?xml version="1.0" encoding="UTF-8"?>

<beans xmlns="http://www.springframework.org/schema/beans"
       xmlns:context="http://www.springframework.org/schema/context"
       xmlns:tx="http://www.springframework.org/schema/tx"
       xmlns:xsi="http://www.w3.org/2001/XMLSchema-instance"
       xsi:schemaLocation="http://www.springframework.org/schema/beans http://www.springframework.org/schema/beans/spring-beans-3.1.xsd
                           http://www.springframework.org/schema/tx http://www.springframework.org/schema/tx/spring-tx-3.1.xsd
                           http://www.springframework.org/schema/context http://www.springframework.org/schema/context/spring-context-3.1.xsd">

    <!-- Turns on component scanning to find all the annotated components -->
    <context:component-scan base-package="model, dao"/>


    <!-- BoneCP Connection Pool-->
    <bean id="ds1" class="com.jolbox.bonecp.BoneCPDataSource">
        <property name="driverClass" value="org.h2.Driver"/>
        <property name="jdbcUrl" value="jdbc:h2:mem:test;INIT=RUNSCRIPT FROM 'classpath:import.sql'"/>

        <property name="username" value="sa"/>
        <property name="password" value=""/>
    	
    </bean>

    <bean id="ds1SessionFactory" class="org.springframework.orm.hibernate4.LocalSessionFactoryBean">
        <property name="dataSource" ref="ds1"/>
        <property name="annotatedClasses">
            <list>
                <value>model.Employee</value>
                <value>model.Project</value>
                <value>model.ProjectInfo</value>
                <value>model.TagCloud</value>
                <value>model.TagCloudEmp</value>
                <value>model.TagClouds</value>
            </list>
        </property>
        <property name="hibernateProperties">
            <props>
                <prop key="hibernate.dialect">org.hibernate.dialect.H2Dialect</prop>
                <prop key="hibernate.show_sql">false</prop>
                <prop key="hibernate.format_sql">true</prop>
                <!-- prop key="hibernate.hbm2ddl.auto">create-drop</prop -->
                <!-- prop key="hibernate.hbm2ddl.import_files">import.sql</prop -->
            </props>
        </property>
    </bean>
    <!-- Enable the configuration of transactional behavior based on annotations -->
    <!-- tx:annotation-driven/ -->

    <!-- Transaction Manager is defined -->
    <bean id="ds1TxManager" class="org.springframework.orm.hibernate4.HibernateTransactionManager">
        <property name="sessionFactory" ref="ds1SessionFactory"/>
    </bean>
    <tx:annotation-driven transaction-manager="ds1TxManager"/>

</beans>